dtNum = 5, feature_num = 237, test_percent = 0.10, sample_size = 0.50
Test accuracy: 0.7844
Test RMSE: 0.6630
------------------------------------

dtNum = 5, feature_num = 237, test_percent = 0.10, sample_size = 0.50
Test accuracy: 0.7817
Test RMSE: 0.6772
------------------------------------

dtNum = 5, feature_num = 237, test_percent = 0.10, sample_size = 0.50
Test accuracy: 0.7958
Test RMSE: 0.6391
------------------------------------

dtNum = 5, feature_num = 2125, test_percent = 0.10, sample_size = 0.50
Test accuracy: 0.7960
Test RMSE: 0.6373
------------------------------------

dtNum = 5, feature_num = 82, test_percent = 0.10, sample_size = 0.50
Test accuracy: 0.7529
Test RMSE: 0.7179
------------------------------------

dtNum = 5, feature_num = 82, test_percent = 0.10, sample_size = 0.50
Test accuracy: 0.7459
Test RMSE: 0.7256
------------------------------------

dtNum = 5, feature_num = 82, test_percent = 0.10, sample_size = 0.50
Test accuracy: 0.7545
Test RMSE: 0.7077
------------------------------------

dtNum = 7, feature_num = 724, test_percent = 0.10, sample_size = 0.60
Test accuracy: 0.8110
Test RMSE: 0.6072
------------------------------------

=======================================================