feature num: 82
testPercent: 0.1
Test accuracy: 0.5952
Test RMSE: 1.0368
------------------------------------

feature num: 82
testPercent: 0.1
Test accuracy: 0.5840
Test RMSE: 1.0448
------------------------------------

feature num: 82
testPercent: 0.1
Test accuracy: 0.5932
Test RMSE: 1.0446
------------------------------------

feature num: 158
testPercent: 0.1
Test accuracy: 0.6281
Test RMSE: 0.9713
------------------------------------

feature num: 158
testPercent: 0.1
Test accuracy: 0.6214
Test RMSE: 0.9938
------------------------------------

feature num: 158
testPercent: 0.1
Test accuracy: 0.5934
Test RMSE: 1.0325
------------------------------------

feature num: 308
testPercent: 0.1
Test accuracy: 0.6375
Test RMSE: 0.9466
------------------------------------

feature num: 308
testPercent: 0.1
Test accuracy: 0.5976
Test RMSE: 1.0107
------------------------------------

feature num: 308
testPercent: 0.1
Test accuracy: 0.6122
Test RMSE: 1.0288
------------------------------------

feature num: 724
testPercent: 0.1
Test accuracy: 0.6672
Test RMSE: 0.9126
------------------------------------

feature num: 724
testPercent: 0.1
Test accuracy: 0.6496
Test RMSE: 0.9544
------------------------------------

feature num: 724
testPercent: 0.1
Test accuracy: 0.6449
Test RMSE: 0.9554
------------------------------------

feature num: 1069
testPercent: 0.1
Test accuracy: 0.6377
Test RMSE: 0.9824
------------------------------------

feature num: 1069
testPercent: 0.1
Test accuracy: 0.6379
Test RMSE: 0.9384
------------------------------------

feature num: 1069
testPercent: 0.1
Test accuracy: 0.6542
Test RMSE: 0.9497
------------------------------------

feature num: 1416
testPercent: 0.1
Test accuracy: 0.6184
Test RMSE: 0.9715
------------------------------------

feature num: 1416
testPercent: 0.1
Test accuracy: 0.6557
Test RMSE: 0.9587
------------------------------------

feature num: 1416
testPercent: 0.1
Test accuracy: 0.6486
Test RMSE: 0.9430
------------------------------------

feature num: 2903
testPercent: 0.1
Test accuracy: 0.6379
Test RMSE: 0.9440
------------------------------------

feature num: 2903
testPercent: 0.1
Test accuracy: 0.6277
Test RMSE: 0.9473
------------------------------------

feature num: 2903
testPercent: 0.1
Test accuracy: 0.6246
Test RMSE: 0.9765
------------------------------------

feature num: 8073
testPercent: 0.1
Test accuracy: 0.5984
Test RMSE: 1.0155
------------------------------------

feature num: 8073
testPercent: 0.1
Test accuracy: 0.5759
Test RMSE: 1.0384
------------------------------------

feature num: 8073
testPercent: 0.1
Test accuracy: 0.6053
Test RMSE: 1.0108
------------------------------------

feature num: 82
testPercent: 0.1
Test accuracy: 0.6235
Test RMSE: 0.9838
------------------------------------

feature num: 82
testPercent: 0.1
Test accuracy: 0.6052
Test RMSE: 1.0197
------------------------------------

feature num: 82
testPercent: 0.1
Test accuracy: 0.5895
Test RMSE: 1.0465
------------------------------------

feature num: 158
testPercent: 0.1
Test accuracy: 0.6216
Test RMSE: 1.0000
------------------------------------

feature num: 158
testPercent: 0.1
Test accuracy: 0.6273
Test RMSE: 0.9960
------------------------------------

feature num: 158
testPercent: 0.1
Test accuracy: 0.6133
Test RMSE: 0.9933
------------------------------------

feature num: 308
testPercent: 0.1
Test accuracy: 0.6429
Test RMSE: 0.9459
------------------------------------

feature num: 308
testPercent: 0.1
Test accuracy: 0.6333
Test RMSE: 0.9787
------------------------------------

feature num: 308
testPercent: 0.1
Test accuracy: 0.6577
Test RMSE: 0.9291
------------------------------------

feature num: 724
testPercent: 0.1
Test accuracy: 0.6392
Test RMSE: 0.9618
------------------------------------

feature num: 724
testPercent: 0.1
Test accuracy: 0.6568
Test RMSE: 0.9309
------------------------------------

feature num: 724
testPercent: 0.1
Test accuracy: 0.6438
Test RMSE: 0.9760
------------------------------------

feature num: 1069
testPercent: 0.1
Test accuracy: 0.6393
Test RMSE: 0.9581
------------------------------------

feature num: 1069
testPercent: 0.1
Test accuracy: 0.6546
Test RMSE: 0.9056
------------------------------------

feature num: 1069
testPercent: 0.1
Test accuracy: 0.6377
Test RMSE: 0.9284
------------------------------------

feature num: 1416
testPercent: 0.1
Test accuracy: 0.6531
Test RMSE: 0.9222
------------------------------------

feature num: 1416
testPercent: 0.1
Test accuracy: 0.6452
Test RMSE: 0.9472
------------------------------------

feature num: 1416
testPercent: 0.1
Test accuracy: 0.6383
Test RMSE: 0.9446
------------------------------------

feature num: 2903
testPercent: 0.1
Test accuracy: 0.6312
Test RMSE: 0.9558
------------------------------------

feature num: 2903
testPercent: 0.1
Test accuracy: 0.5956
Test RMSE: 0.9947
------------------------------------

feature num: 2903
testPercent: 0.1
Test accuracy: 0.6451
Test RMSE: 0.9697
------------------------------------

feature num: 1416
testPercent: 0.1
Test accuracy: 0.6357
Test RMSE: 0.9650
------------------------------------

feature num: 1416
testPercent: 0.1
Test accuracy: 0.6270
Test RMSE: 0.9781
------------------------------------

feature num: 1416
testPercent: 0.1
Test accuracy: 0.6241
Test RMSE: 0.9919
------------------------------------

feature num: 1416
testPercent: 0.1
Test accuracy: 0.6400
Test RMSE: 0.9457
------------------------------------

feature num: 1416
testPercent: 0.1
Test accuracy: 0.6222
Test RMSE: 0.9757
------------------------------------

feature num: 1416
testPercent: 0.1
Test accuracy: 0.6306
Test RMSE: 0.9596
------------------------------------

feature num: 1416
testPercent: 0.1
Test accuracy: 0.6404
Test RMSE: 0.9422
------------------------------------

feature num: 1416
testPercent: 0.1
Test accuracy: 0.6184
Test RMSE: 0.9913
------------------------------------

feature num: 1416
testPercent: 0.1
Test accuracy: 0.6116
Test RMSE: 0.9969
------------------------------------

feature num: 1416
testPercent: 0.1
Test accuracy: 0.6368
Test RMSE: 0.9490
------------------------------------

feature num: 1416
testPercent: 0.1
Test accuracy: 0.6494
Test RMSE: 0.9333
------------------------------------

feature num: 1416
testPercent: 0.1
Test accuracy: 0.6344
Test RMSE: 0.9579
------------------------------------

feature num: 1416
testPercent: 0.1
Test accuracy: 0.6415
Test RMSE: 0.9663
------------------------------------

feature num: 1416
testPercent: 0.1
Test accuracy: 0.6320
Test RMSE: 0.9610
------------------------------------

feature num: 1416
testPercent: 0.1
Test accuracy: 0.6245
Test RMSE: 0.9720
------------------------------------

feature num: 1416
testPercent: 0.1
Test accuracy: 0.6276
Test RMSE: 0.9777
------------------------------------

feature num: 1416
testPercent: 0.1
Test accuracy: 0.6366
Test RMSE: 0.9561
------------------------------------

feature num: 1416
testPercent: 0.1
Test accuracy: 0.6475
Test RMSE: 0.9444
------------------------------------

feature num: 1416
testPercent: 0.1
Test accuracy: 0.6285
Test RMSE: 0.9729
------------------------------------

feature num: 1416
testPercent: 0.1
Test accuracy: 0.6232
Test RMSE: 0.9996
------------------------------------

feature num: 1416
testPercent: 0.1
Test accuracy: 0.6434
Test RMSE: 0.9534
------------------------------------

feature num: 1416
testPercent: 0.1
Test accuracy: 0.6403
Test RMSE: 0.9395
------------------------------------

feature num: 1416
testPercent: 0.1
Test accuracy: 0.6470
Test RMSE: 0.9525
------------------------------------

feature num: 1416
testPercent: 0.1
Test accuracy: 0.6254
Test RMSE: 0.9777
------------------------------------

feature num: 1416
testPercent: 0.1
Test accuracy: 0.6341
Test RMSE: 0.9637
------------------------------------

feature num: 1416
testPercent: 0.1
Test accuracy: 0.6390
Test RMSE: 0.9627
------------------------------------

feature num: 1416
testPercent: 0.1
Test accuracy: 0.6423
Test RMSE: 0.9650
------------------------------------

feature num: 1416
testPercent: 0.1
Test accuracy: 0.6257
Test RMSE: 0.9844
------------------------------------

feature num: 1416
testPercent: 0.1
Test accuracy: 0.6376
Test RMSE: 0.9195
------------------------------------

feature num: 1416
testPercent: 0.1
Test accuracy: 0.6179
Test RMSE: 0.9786
------------------------------------

feature num: 1416
testPercent: 0.1
Test accuracy: 0.6569
Test RMSE: 0.9226
------------------------------------

feature num: 1416
testPercent: 0.1
Test accuracy: 0.6422
Test RMSE: 0.9512
------------------------------------

feature num: 1416
testPercent: 0.1
Test accuracy: 0.6485
Test RMSE: 0.9404
------------------------------------

feature num: 1416
testPercent: 0.1
Test accuracy: 0.6255
Test RMSE: 0.9502
------------------------------------

feature num: 1416
testPercent: 0.1
Test accuracy: 0.6296
Test RMSE: 0.9884
------------------------------------

feature num: 1416
testPercent: 0.1
Test accuracy: 0.6536
Test RMSE: 0.9396
------------------------------------

feature num: 1416
testPercent: 0.1
Test accuracy: 0.6448
Test RMSE: 0.9368
------------------------------------

feature num: 1416
testPercent: 0.1
Test accuracy: 0.6310
Test RMSE: 0.9552
------------------------------------

feature num: 1416
testPercent: 0.1
Test accuracy: 0.6234
Test RMSE: 0.9885
------------------------------------

feature num: 1416
testPercent: 0.1
Test accuracy: 0.6208
Test RMSE: 0.9875
------------------------------------

feature num: 1416
testPercent: 0.1
Test accuracy: 0.6391
Test RMSE: 0.9651
------------------------------------

feature num: 1416
testPercent: 0.1
Test accuracy: 0.6437
Test RMSE: 0.9472
------------------------------------

feature num: 1416
testPercent: 0.1
Test accuracy: 0.6188
Test RMSE: 0.9769
------------------------------------

feature num: 1416
testPercent: 0.1
Test accuracy: 0.6412
Test RMSE: 0.9535
------------------------------------

feature num: 1416
testPercent: 0.1
Test accuracy: 0.6657
Test RMSE: 0.9017
------------------------------------

feature num: 1416
testPercent: 0.1
Test accuracy: 0.6516
Test RMSE: 0.9571
------------------------------------

feature num: 1416
testPercent: 0.1
Test accuracy: 0.6376
Test RMSE: 0.9452
------------------------------------

feature num: 1416
testPercent: 0.1
Test accuracy: 0.6487
Test RMSE: 0.9439
------------------------------------

feature num: 1416
testPercent: 0.1
Test accuracy: 0.5120
Test RMSE: 1.1800
------------------------------------

feature num: 1416
testPercent: 0.1
Test accuracy: 0.5714
Test RMSE: 1.0485
------------------------------------

feature num: 1416
testPercent: 0.1
Test accuracy: 0.6093
Test RMSE: 0.9812
------------------------------------

feature num: 1416
testPercent: 0.1
Test accuracy: 0.5351
Test RMSE: 1.1259
------------------------------------

feature num: 1416
testPercent: 0.1
Test accuracy: 0.5268
Test RMSE: 1.0707
------------------------------------

feature num: 1416
testPercent: 0.1
Test accuracy: 0.6273
Test RMSE: 1.0211
------------------------------------

feature num: 1416
testPercent: 0.1
Test accuracy: 0.6242
Test RMSE: 0.9761
------------------------------------

feature num: 1416
testPercent: 0.1
Test accuracy: 0.5942
Test RMSE: 1.0379
------------------------------------

feature num: 1416
testPercent: 0.1
Test accuracy: 0.5580
Test RMSE: 1.0807
------------------------------------

feature num: 1416
testPercent: 0.1
Test accuracy: 0.6074
Test RMSE: 0.9932
------------------------------------

feature num: 1416
testPercent: 0.1
Test accuracy: 0.6074
Test RMSE: 1.0015
------------------------------------

feature num: 1416
testPercent: 0.1
Test accuracy: 0.6146
Test RMSE: 0.9948
------------------------------------

feature num: 1416
testPercent: 0.1
Test accuracy: 0.6432
Test RMSE: 0.9515
------------------------------------

feature num: 1416
testPercent: 0.1
Test accuracy: 0.6410
Test RMSE: 0.9515
------------------------------------

feature num: 1416
testPercent: 0.1
Test accuracy: 0.6313
Test RMSE: 0.9802
------------------------------------

feature num: 1416
testPercent: 0.1
Test accuracy: 0.6508
Test RMSE: 0.9562
------------------------------------

feature num: 1416
testPercent: 0.1
Test accuracy: 0.6297
Test RMSE: 0.9464
------------------------------------

feature num: 1416
testPercent: 0.1
Test accuracy: 0.6158
Test RMSE: 0.9951
------------------------------------

feature num: 1416
testPercent: 0.1
Test accuracy: 0.6571
Test RMSE: 0.9457
------------------------------------

feature num: 1416
testPercent: 0.1
Test accuracy: 0.6427
Test RMSE: 0.9340
------------------------------------

feature num: 1416
testPercent: 0.1
Test accuracy: 0.6516
Test RMSE: 0.9286
------------------------------------

feature num: 1416
testPercent: 0.1
Test accuracy: 0.6611
Test RMSE: 0.9301
------------------------------------

feature num: 1416
testPercent: 0.1
Test accuracy: 0.6786
Test RMSE: 0.8924
------------------------------------

feature num: 1416
testPercent: 0.1
Test accuracy: 0.6727
Test RMSE: 0.9261
------------------------------------

feature num: 1416
testPercent: 0.1
Test accuracy: 0.6600
Test RMSE: 0.9310
------------------------------------

